<?xml version="1.0" encoding="UTF-8"?>
<robot generator="Robot 7.3.2 (Python 3.12.3 on linux)" generated="2025-11-17T23:25:16.117870" rpa="false" schemaversion="5">
<suite id="s1" name="Tests" source="/home/vebanter/palautusrepositorio/week3/login/src/tests">
<suite id="s1-s1" name="Home" source="/home/vebanter/palautusrepositorio/week3/login/src/tests/home.robot">
<kw name="Open And Configure Browser" owner="resource" type="SETUP">
<if>
<branch type="IF" condition="$BROWSER == 'chrome'">
<kw name="Evaluate" owner="BuiltIn">
<msg time="2025-11-17T23:25:16.384863" level="INFO">${options} = &lt;selenium.webdriver.chrome.options.Options object at 0x715da57133b0&gt;</msg>
<var>${options}</var>
<arg>sys.modules['selenium.webdriver'].ChromeOptions()</arg>
<arg>sys</arg>
<doc>Evaluates the given expression in Python and returns the result.</doc>
<status status="PASS" start="2025-11-17T23:25:16.384491" elapsed="0.000416"/>
</kw>
<kw name="Call Method" owner="BuiltIn">
<arg>${options}</arg>
<arg>add_argument</arg>
<arg>--incognito</arg>
<doc>Calls the named method of the given object with the provided arguments.</doc>
<status status="PASS" start="2025-11-17T23:25:16.385056" elapsed="0.000164"/>
</kw>
<status status="PASS" start="2025-11-17T23:25:16.383740" elapsed="0.001537"/>
</branch>
<branch type="ELSE IF" condition="$BROWSER == 'firefox'">
<kw name="Evaluate" owner="BuiltIn">
<var>${options}</var>
<arg>sys.modules['selenium.webdriver'].FirefoxOptions()</arg>
<arg>sys</arg>
<doc>Evaluates the given expression in Python and returns the result.</doc>
<status status="NOT RUN" start="2025-11-17T23:25:16.385431" elapsed="0.000047"/>
</kw>
<kw name="Call Method" owner="BuiltIn">
<arg>${options}</arg>
<arg>add_argument</arg>
<arg>--private-window</arg>
<doc>Calls the named method of the given object with the provided arguments.</doc>
<status status="NOT RUN" start="2025-11-17T23:25:16.385582" elapsed="0.000040"/>
</kw>
<status status="NOT RUN" start="2025-11-17T23:25:16.385326" elapsed="0.000337"/>
</branch>
<status status="PASS" start="2025-11-17T23:25:16.383684" elapsed="0.002018"/>
</if>
<if>
<branch type="IF" condition="$HEADLESS == 'true'">
<kw name="Set Selenium Speed" owner="SeleniumLibrary">
<arg>0.05 seconds</arg>
<doc>Sets the delay that is waited after each Selenium command.</doc>
<status status="NOT RUN" start="2025-11-17T23:25:16.385941" elapsed="0.000029"/>
</kw>
<kw name="Call Method" owner="BuiltIn">
<arg>${options}</arg>
<arg>add_argument</arg>
<arg>--headless</arg>
<doc>Calls the named method of the given object with the provided arguments.</doc>
<status status="NOT RUN" start="2025-11-17T23:25:16.386058" elapsed="0.000196"/>
</kw>
<status status="NOT RUN" start="2025-11-17T23:25:16.385764" elapsed="0.000536"/>
</branch>
<branch type="ELSE">
<kw name="Set Selenium Speed" owner="SeleniumLibrary">
<arg>${DELAY}</arg>
<doc>Sets the delay that is waited after each Selenium command.</doc>
<status status="PASS" start="2025-11-17T23:25:16.386447" elapsed="0.000369"/>
</kw>
<status status="PASS" start="2025-11-17T23:25:16.386339" elapsed="0.000526"/>
</branch>
<status status="PASS" start="2025-11-17T23:25:16.385747" elapsed="0.001164"/>
</if>
<kw name="Open Browser" owner="SeleniumLibrary">
<msg time="2025-11-17T23:25:16.387265" level="INFO">Opening browser 'chrome' to base url 'None'.</msg>
<arg>browser=${BROWSER}</arg>
<arg>options=${options}</arg>
<doc>Opens a new browser instance to the optional ``url``.</doc>
<status status="PASS" start="2025-11-17T23:25:16.387025" elapsed="0.839512"/>
</kw>
<status status="PASS" start="2025-11-17T23:25:16.383403" elapsed="0.843321"/>
</kw>
<test id="s1-s1-t1" name="Click Login Link" line="8">
<kw name="Reset Application And Go To Starting Page" type="SETUP">
<kw name="Reset Application" owner="AppLibrary">
<status status="PASS" start="2025-11-17T23:25:17.228442" elapsed="0.007499"/>
</kw>
<kw name="Go To Starting Page" owner="resource">
<kw name="Go To" owner="SeleniumLibrary">
<msg time="2025-11-17T23:25:17.237476" level="INFO">Opening url 'http://localhost:5001'</msg>
<arg>${HOME_URL}</arg>
<doc>Navigates the current browser window to the provided ``url``.</doc>
<status status="PASS" start="2025-11-17T23:25:17.237186" elapsed="0.191262"/>
</kw>
<status status="PASS" start="2025-11-17T23:25:17.236333" elapsed="0.192350"/>
</kw>
<status status="PASS" start="2025-11-17T23:25:17.227814" elapsed="0.200959"/>
</kw>
<kw name="Click Link" owner="SeleniumLibrary">
<msg time="2025-11-17T23:25:17.429686" level="INFO">Clicking link 'Login'.</msg>
<arg>Login</arg>
<doc>Clicks a link identified by ``locator``.</doc>
<status status="PASS" start="2025-11-17T23:25:17.429072" elapsed="0.505672"/>
</kw>
<kw name="Login Page Should Be Open" owner="resource">
<kw name="Title Should Be" owner="SeleniumLibrary">
<msg time="2025-11-17T23:25:18.047528" level="INFO">Page title is 'Login'.</msg>
<arg>Login</arg>
<doc>Verifies that the current page title equals ``title``.</doc>
<status status="PASS" start="2025-11-17T23:25:17.935980" elapsed="0.111972"/>
</kw>
<status status="PASS" start="2025-11-17T23:25:17.935497" elapsed="0.112793"/>
</kw>
<status status="PASS" start="2025-11-17T23:25:17.226890" elapsed="0.822321"/>
</test>
<test id="s1-s1-t2" name="Click Register Link" line="12">
<kw name="Reset Application And Go To Starting Page" type="SETUP">
<kw name="Reset Application" owner="AppLibrary">
<status status="PASS" start="2025-11-17T23:25:18.053350" elapsed="0.009369"/>
</kw>
<kw name="Go To Starting Page" owner="resource">
<kw name="Go To" owner="SeleniumLibrary">
<msg time="2025-11-17T23:25:18.065218" level="INFO">Opening url 'http://localhost:5001'</msg>
<arg>${HOME_URL}</arg>
<doc>Navigates the current browser window to the provided ``url``.</doc>
<status status="PASS" start="2025-11-17T23:25:18.064548" elapsed="0.148434"/>
</kw>
<status status="PASS" start="2025-11-17T23:25:18.063356" elapsed="0.149782"/>
</kw>
<status status="PASS" start="2025-11-17T23:25:18.052255" elapsed="0.160945"/>
</kw>
<kw name="Click Link" owner="SeleniumLibrary">
<msg time="2025-11-17T23:25:18.213666" level="INFO">Clicking link 'Register new user'.</msg>
<arg>Register new user</arg>
<doc>Clicks a link identified by ``locator``.</doc>
<status status="PASS" start="2025-11-17T23:25:18.213443" elapsed="0.503084"/>
</kw>
<kw name="Register Page Should Be Open" owner="resource">
<kw name="Title Should Be" owner="SeleniumLibrary">
<msg time="2025-11-17T23:25:18.836377" level="INFO">Page title is 'Register'.</msg>
<arg>Register</arg>
<doc>Verifies that the current page title equals ``title``.</doc>
<status status="PASS" start="2025-11-17T23:25:18.718689" elapsed="0.117870"/>
</kw>
<status status="PASS" start="2025-11-17T23:25:18.717681" elapsed="0.119083"/>
</kw>
<status status="PASS" start="2025-11-17T23:25:18.050853" elapsed="0.786332"/>
</test>
<kw name="Close Browser" owner="SeleniumLibrary" type="TEARDOWN">
<doc>Closes the current browser.</doc>
<status status="PASS" start="2025-11-17T23:25:18.838014" elapsed="0.219961"/>
</kw>
<status status="PASS" start="2025-11-17T23:25:16.143850" elapsed="2.914333"/>
</suite>
<suite id="s1-s2" name="Login" source="/home/vebanter/palautusrepositorio/week3/login/src/tests/login.robot">
<kw name="Open And Configure Browser" owner="resource" type="SETUP">
<if>
<branch type="IF" condition="$BROWSER == 'chrome'">
<kw name="Evaluate" owner="BuiltIn">
<msg time="2025-11-17T23:25:19.062960" level="INFO">${options} = &lt;selenium.webdriver.chrome.options.Options object at 0x715da5442060&gt;</msg>
<var>${options}</var>
<arg>sys.modules['selenium.webdriver'].ChromeOptions()</arg>
<arg>sys</arg>
<doc>Evaluates the given expression in Python and returns the result.</doc>
<status status="PASS" start="2025-11-17T23:25:19.062661" elapsed="0.000337"/>
</kw>
<kw name="Call Method" owner="BuiltIn">
<arg>${options}</arg>
<arg>add_argument</arg>
<arg>--incognito</arg>
<doc>Calls the named method of the given object with the provided arguments.</doc>
<status status="PASS" start="2025-11-17T23:25:19.063123" elapsed="0.000147"/>
</kw>
<status status="PASS" start="2025-11-17T23:25:19.062387" elapsed="0.000935"/>
</branch>
<branch type="ELSE IF" condition="$BROWSER == 'firefox'">
<kw name="Evaluate" owner="BuiltIn">
<var>${options}</var>
<arg>sys.modules['selenium.webdriver'].FirefoxOptions()</arg>
<arg>sys</arg>
<doc>Evaluates the given expression in Python and returns the result.</doc>
<status status="NOT RUN" start="2025-11-17T23:25:19.063580" elapsed="0.000037"/>
</kw>
<kw name="Call Method" owner="BuiltIn">
<arg>${options}</arg>
<arg>add_argument</arg>
<arg>--private-window</arg>
<doc>Calls the named method of the given object with the provided arguments.</doc>
<status status="NOT RUN" start="2025-11-17T23:25:19.063720" elapsed="0.000029"/>
</kw>
<status status="NOT RUN" start="2025-11-17T23:25:19.063375" elapsed="0.000416"/>
</branch>
<status status="PASS" start="2025-11-17T23:25:19.062360" elapsed="0.001471"/>
</if>
<if>
<branch type="IF" condition="$HEADLESS == 'true'">
<kw name="Set Selenium Speed" owner="SeleniumLibrary">
<arg>0.05 seconds</arg>
<doc>Sets the delay that is waited after each Selenium command.</doc>
<status status="NOT RUN" start="2025-11-17T23:25:19.064090" elapsed="0.000031"/>
</kw>
<kw name="Call Method" owner="BuiltIn">
<arg>${options}</arg>
<arg>add_argument</arg>
<arg>--headless</arg>
<doc>Calls the named method of the given object with the provided arguments.</doc>
<status status="NOT RUN" start="2025-11-17T23:25:19.064214" elapsed="0.000028"/>
</kw>
<status status="NOT RUN" start="2025-11-17T23:25:19.063896" elapsed="0.000389"/>
</branch>
<branch type="ELSE">
<kw name="Set Selenium Speed" owner="SeleniumLibrary">
<arg>${DELAY}</arg>
<doc>Sets the delay that is waited after each Selenium command.</doc>
<status status="PASS" start="2025-11-17T23:25:19.064430" elapsed="0.000295"/>
</kw>
<status status="PASS" start="2025-11-17T23:25:19.064324" elapsed="0.000454"/>
</branch>
<status status="PASS" start="2025-11-17T23:25:19.063879" elapsed="0.000940"/>
</if>
<kw name="Open Browser" owner="SeleniumLibrary">
<msg time="2025-11-17T23:25:19.065177" level="INFO">Opening browser 'chrome' to base url 'None'.</msg>
<arg>browser=${BROWSER}</arg>
<arg>options=${options}</arg>
<doc>Opens a new browser instance to the optional ``url``.</doc>
<status status="PASS" start="2025-11-17T23:25:19.064939" elapsed="0.785178"/>
</kw>
<status status="PASS" start="2025-11-17T23:25:19.062201" elapsed="0.788196"/>
</kw>
<test id="s1-s2-t1" name="Login With Correct Credentials" line="8">
<kw name="Reset Application Create User And Go To Login Page" type="SETUP">
<kw name="Reset Application" owner="AppLibrary">
<status status="PASS" start="2025-11-17T23:25:19.855511" elapsed="0.004550"/>
</kw>
<kw name="Create User" owner="AppLibrary">
<arg>kalle</arg>
<arg>kalle123</arg>
<status status="PASS" start="2025-11-17T23:25:19.860738" elapsed="0.019426"/>
</kw>
<kw name="Go To Login Page" owner="resource">
<kw name="Go To" owner="SeleniumLibrary">
<msg time="2025-11-17T23:25:19.880921" level="INFO">Opening url 'http://localhost:5001/login'</msg>
<arg>${LOGIN_URL}</arg>
<doc>Navigates the current browser window to the provided ``url``.</doc>
<status status="PASS" start="2025-11-17T23:25:19.880771" elapsed="0.188091"/>
</kw>
<status status="PASS" start="2025-11-17T23:25:19.880411" elapsed="0.188810"/>
</kw>
<status status="PASS" start="2025-11-17T23:25:19.853823" elapsed="0.215609"/>
</kw>
<kw name="Set Username">
<kw name="Input Text" owner="SeleniumLibrary">
<msg time="2025-11-17T23:25:20.072172" level="INFO">Typing text 'kalle' into text field 'username'.</msg>
<arg>username</arg>
<arg>${username}</arg>
<doc>Types the given ``text`` into the text field identified by ``locator``.</doc>
<status status="PASS" start="2025-11-17T23:25:20.071379" elapsed="0.630836"/>
</kw>
<arg>kalle</arg>
<status status="PASS" start="2025-11-17T23:25:20.070256" elapsed="0.632458"/>
</kw>
<kw name="Set Password">
<kw name="Input Password" owner="SeleniumLibrary">
<msg time="2025-11-17T23:25:20.705825" level="INFO">Typing password into text field 'password'.</msg>
<msg time="2025-11-17T23:25:21.033680" level="INFO">Temporally setting log level to: NONE</msg>
<arg>password</arg>
<arg>${password}</arg>
<doc>Types the given password into the text field identified by ``locator``.</doc>
<status status="PASS" start="2025-11-17T23:25:20.705012" elapsed="0.567345"/>
</kw>
<arg>kalle123</arg>
<status status="PASS" start="2025-11-17T23:25:20.703654" elapsed="0.569262"/>
</kw>
<kw name="Click Button" owner="SeleniumLibrary">
<msg time="2025-11-17T23:25:21.274486" level="INFO">Clicking button 'Login'.</msg>
<arg>Login</arg>
<doc>Clicks the button identified by ``locator``.</doc>
<status status="PASS" start="2025-11-17T23:25:21.273740" elapsed="0.624167"/>
</kw>
<kw name="Login Should Succeed">
<kw name="Main Page Should Be Open" owner="resource">
<kw name="Title Should Be" owner="SeleniumLibrary">
<msg time="2025-11-17T23:25:22.014296" level="INFO">Page title is 'Ohtu Application main page'.</msg>
<arg>Ohtu Application main page</arg>
<doc>Verifies that the current page title equals ``title``.</doc>
<status status="PASS" start="2025-11-17T23:25:21.899086" elapsed="0.115356"/>
</kw>
<status status="PASS" start="2025-11-17T23:25:21.898852" elapsed="0.115719"/>
</kw>
<status status="PASS" start="2025-11-17T23:25:21.898529" elapsed="0.116121"/>
</kw>
<status status="PASS" start="2025-11-17T23:25:19.850641" elapsed="2.164282"/>
</test>
<test id="s1-s2-t2" name="Login With Incorrect Password" line="14">
<kw name="Reset Application Create User And Go To Login Page" type="SETUP">
<kw name="Reset Application" owner="AppLibrary">
<status status="PASS" start="2025-11-17T23:25:22.016361" elapsed="0.003214"/>
</kw>
<kw name="Create User" owner="AppLibrary">
<arg>kalle</arg>
<arg>kalle123</arg>
<status status="PASS" start="2025-11-17T23:25:22.019800" elapsed="0.007749"/>
</kw>
<kw name="Go To Login Page" owner="resource">
<kw name="Go To" owner="SeleniumLibrary">
<msg time="2025-11-17T23:25:22.028238" level="INFO">Opening url 'http://localhost:5001/login'</msg>
<arg>${LOGIN_URL}</arg>
<doc>Navigates the current browser window to the provided ``url``.</doc>
<status status="PASS" start="2025-11-17T23:25:22.028102" elapsed="0.144608"/>
</kw>
<status status="PASS" start="2025-11-17T23:25:22.027856" elapsed="0.145267"/>
</kw>
<status status="PASS" start="2025-11-17T23:25:22.016026" elapsed="0.157409"/>
</kw>
<kw name="Set Username">
<kw name="Input Text" owner="SeleniumLibrary">
<msg time="2025-11-17T23:25:22.176812" level="INFO">Typing text 'kalle' into text field 'username'.</msg>
<arg>username</arg>
<arg>${username}</arg>
<doc>Types the given ``text`` into the text field identified by ``locator``.</doc>
<status status="PASS" start="2025-11-17T23:25:22.175455" elapsed="0.531390"/>
</kw>
<arg>kalle</arg>
<status status="PASS" start="2025-11-17T23:25:22.174231" elapsed="0.532751"/>
</kw>
<kw name="Set Password">
<kw name="Input Password" owner="SeleniumLibrary">
<msg time="2025-11-17T23:25:22.708031" level="INFO">Typing password into text field 'password'.</msg>
<msg time="2025-11-17T23:25:22.970944" level="INFO">Temporally setting log level to: NONE</msg>
<arg>password</arg>
<arg>${password}</arg>
<doc>Types the given password into the text field identified by ``locator``.</doc>
<status status="PASS" start="2025-11-17T23:25:22.707798" elapsed="0.453333"/>
</kw>
<arg>kalle456</arg>
<status status="PASS" start="2025-11-17T23:25:22.707417" elapsed="0.453910"/>
</kw>
<kw name="Click Button" owner="SeleniumLibrary">
<msg time="2025-11-17T23:25:23.162088" level="INFO">Clicking button 'Login'.</msg>
<arg>Login</arg>
<doc>Clicks the button identified by ``locator``.</doc>
<status status="PASS" start="2025-11-17T23:25:23.161774" elapsed="0.603278"/>
</kw>
<kw name="Login Should Fail With Message">
<kw name="Login Page Should Be Open" owner="resource">
<kw name="Title Should Be" owner="SeleniumLibrary">
<msg time="2025-11-17T23:25:23.877493" level="INFO">Page title is 'Login'.</msg>
<arg>Login</arg>
<doc>Verifies that the current page title equals ``title``.</doc>
<status status="PASS" start="2025-11-17T23:25:23.766228" elapsed="0.111409"/>
</kw>
<status status="PASS" start="2025-11-17T23:25:23.765998" elapsed="0.111754"/>
</kw>
<kw name="Page Should Contain" owner="SeleniumLibrary">
<msg time="2025-11-17T23:25:24.101744" level="INFO">Current page contains text 'Invalid username or password'.</msg>
<arg>${message}</arg>
<doc>Verifies that current page contains ``text``.</doc>
<status status="PASS" start="2025-11-17T23:25:23.877988" elapsed="0.224041"/>
</kw>
<arg>Invalid username or password</arg>
<status status="PASS" start="2025-11-17T23:25:23.765506" elapsed="0.336809"/>
</kw>
<status status="PASS" start="2025-11-17T23:25:22.015475" elapsed="2.087461"/>
</test>
<test id="s1-s2-t3" name="Login With Nonexistent Username" line="20">
<kw name="Reset Application Create User And Go To Login Page" type="SETUP">
<kw name="Reset Application" owner="AppLibrary">
<status status="PASS" start="2025-11-17T23:25:24.106468" elapsed="0.003429"/>
</kw>
<kw name="Create User" owner="AppLibrary">
<arg>kalle</arg>
<arg>kalle123</arg>
<status status="PASS" start="2025-11-17T23:25:24.110067" elapsed="0.005573"/>
</kw>
<kw name="Go To Login Page" owner="resource">
<kw name="Go To" owner="SeleniumLibrary">
<msg time="2025-11-17T23:25:24.116706" level="INFO">Opening url 'http://localhost:5001/login'</msg>
<arg>${LOGIN_URL}</arg>
<doc>Navigates the current browser window to the provided ``url``.</doc>
<status status="PASS" start="2025-11-17T23:25:24.116381" elapsed="0.139625"/>
</kw>
<status status="PASS" start="2025-11-17T23:25:24.115938" elapsed="0.140209"/>
</kw>
<status status="PASS" start="2025-11-17T23:25:24.105727" elapsed="0.150508"/>
</kw>
<kw name="Set Password">
<kw name="Input Password" owner="SeleniumLibrary">
<msg time="2025-11-17T23:25:24.257513" level="INFO">Typing password into text field 'password'.</msg>
<msg time="2025-11-17T23:25:24.523949" level="INFO">Temporally setting log level to: NONE</msg>
<arg>password</arg>
<arg>${password}</arg>
<doc>Types the given password into the text field identified by ``locator``.</doc>
<status status="PASS" start="2025-11-17T23:25:24.257250" elapsed="0.499967"/>
</kw>
<arg>kalle456</arg>
<status status="PASS" start="2025-11-17T23:25:24.256852" elapsed="0.501562"/>
</kw>
<kw name="Click Button" owner="SeleniumLibrary">
<msg time="2025-11-17T23:25:24.759922" level="INFO">Clicking button 'Login'.</msg>
<arg>Login</arg>
<doc>Clicks the button identified by ``locator``.</doc>
<status status="PASS" start="2025-11-17T23:25:24.759199" elapsed="0.602411"/>
</kw>
<kw name="Login Should Fail With Message">
<kw name="Login Page Should Be Open" owner="resource">
<kw name="Title Should Be" owner="SeleniumLibrary">
<msg time="2025-11-17T23:25:25.472950" level="INFO">Page title is 'Login'.</msg>
<arg>Login</arg>
<doc>Verifies that the current page title equals ``title``.</doc>
<status status="PASS" start="2025-11-17T23:25:25.362565" elapsed="0.110727"/>
</kw>
<status status="PASS" start="2025-11-17T23:25:25.362348" elapsed="0.111515"/>
</kw>
<kw name="Page Should Contain" owner="SeleniumLibrary">
<msg time="2025-11-17T23:25:25.710270" level="INFO">Current page contains text 'Username and password are required'.</msg>
<arg>${message}</arg>
<doc>Verifies that current page contains ``text``.</doc>
<status status="PASS" start="2025-11-17T23:25:25.474340" elapsed="0.236133"/>
</kw>
<arg>Username and password are required</arg>
<status status="PASS" start="2025-11-17T23:25:25.361993" elapsed="0.348678"/>
</kw>
<status status="PASS" start="2025-11-17T23:25:24.104013" elapsed="1.607106"/>
</test>
<kw name="Close Browser" owner="SeleniumLibrary" type="TEARDOWN">
<doc>Closes the current browser.</doc>
<status status="PASS" start="2025-11-17T23:25:25.712221" elapsed="0.157887"/>
</kw>
<status status="PASS" start="2025-11-17T23:25:19.059171" elapsed="6.811036"/>
</suite>
<suite id="s1-s3" name="Register" source="/home/vebanter/palautusrepositorio/week3/login/src/tests/register.robot">
<kw name="Open And Configure Browser" owner="resource" type="SETUP">
<if>
<branch type="IF" condition="$BROWSER == 'chrome'">
<kw name="Evaluate" owner="BuiltIn">
<msg time="2025-11-17T23:25:25.875370" level="INFO">${options} = &lt;selenium.webdriver.chrome.options.Options object at 0x715da540b920&gt;</msg>
<var>${options}</var>
<arg>sys.modules['selenium.webdriver'].ChromeOptions()</arg>
<arg>sys</arg>
<doc>Evaluates the given expression in Python and returns the result.</doc>
<status status="PASS" start="2025-11-17T23:25:25.875086" elapsed="0.000322"/>
</kw>
<kw name="Call Method" owner="BuiltIn">
<arg>${options}</arg>
<arg>add_argument</arg>
<arg>--incognito</arg>
<doc>Calls the named method of the given object with the provided arguments.</doc>
<status status="PASS" start="2025-11-17T23:25:25.875540" elapsed="0.000180"/>
</kw>
<status status="PASS" start="2025-11-17T23:25:25.874432" elapsed="0.001346"/>
</branch>
<branch type="ELSE IF" condition="$BROWSER == 'firefox'">
<kw name="Evaluate" owner="BuiltIn">
<var>${options}</var>
<arg>sys.modules['selenium.webdriver'].FirefoxOptions()</arg>
<arg>sys</arg>
<doc>Evaluates the given expression in Python and returns the result.</doc>
<status status="NOT RUN" start="2025-11-17T23:25:25.875936" elapsed="0.000032"/>
</kw>
<kw name="Call Method" owner="BuiltIn">
<arg>${options}</arg>
<arg>add_argument</arg>
<arg>--private-window</arg>
<doc>Calls the named method of the given object with the provided arguments.</doc>
<status status="NOT RUN" start="2025-11-17T23:25:25.876064" elapsed="0.000029"/>
</kw>
<status status="NOT RUN" start="2025-11-17T23:25:25.875826" elapsed="0.000310"/>
</branch>
<status status="PASS" start="2025-11-17T23:25:25.874380" elapsed="0.001795"/>
</if>
<if>
<branch type="IF" condition="$HEADLESS == 'true'">
<kw name="Set Selenium Speed" owner="SeleniumLibrary">
<arg>0.05 seconds</arg>
<doc>Sets the delay that is waited after each Selenium command.</doc>
<status status="NOT RUN" start="2025-11-17T23:25:25.876440" elapsed="0.000031"/>
</kw>
<kw name="Call Method" owner="BuiltIn">
<arg>${options}</arg>
<arg>add_argument</arg>
<arg>--headless</arg>
<doc>Calls the named method of the given object with the provided arguments.</doc>
<status status="NOT RUN" start="2025-11-17T23:25:25.876566" elapsed="0.000054"/>
</kw>
<status status="NOT RUN" start="2025-11-17T23:25:25.876239" elapsed="0.000449"/>
</branch>
<branch type="ELSE">
<kw name="Set Selenium Speed" owner="SeleniumLibrary">
<arg>${DELAY}</arg>
<doc>Sets the delay that is waited after each Selenium command.</doc>
<status status="PASS" start="2025-11-17T23:25:25.876837" elapsed="0.000230"/>
</kw>
<status status="PASS" start="2025-11-17T23:25:25.876733" elapsed="0.000384"/>
</branch>
<status status="PASS" start="2025-11-17T23:25:25.876222" elapsed="0.000934"/>
</if>
<kw name="Open Browser" owner="SeleniumLibrary">
<msg time="2025-11-17T23:25:25.877509" level="INFO">Opening browser 'chrome' to base url 'None'.</msg>
<arg>browser=${BROWSER}</arg>
<arg>options=${options}</arg>
<doc>Opens a new browser instance to the optional ``url``.</doc>
<status status="PASS" start="2025-11-17T23:25:25.877277" elapsed="0.795596"/>
</kw>
<status status="PASS" start="2025-11-17T23:25:25.874177" elapsed="0.798831"/>
</kw>
<test id="s1-s3-t1" name="Register With Valid Username And Password" line="9">
<kw name="Reset Application Create User And Go To Register Page" type="SETUP">
<kw name="Reset Application" owner="AppLibrary">
<status status="PASS" start="2025-11-17T23:25:26.673986" elapsed="0.004016"/>
</kw>
<kw name="Go To Register Page" owner="resource">
<kw name="Go To" owner="SeleniumLibrary">
<msg time="2025-11-17T23:25:26.679751" level="INFO">Opening url 'http://localhost:5001/register'</msg>
<arg>${REGISTER_URL}</arg>
<doc>Navigates the current browser window to the provided ``url``.</doc>
<status status="PASS" start="2025-11-17T23:25:26.679362" elapsed="0.186741"/>
</kw>
<status status="PASS" start="2025-11-17T23:25:26.678256" elapsed="0.187992"/>
</kw>
<status status="PASS" start="2025-11-17T23:25:26.673690" elapsed="0.192671"/>
</kw>
<kw name="Set Username">
<kw name="Input Text" owner="SeleniumLibrary">
<msg time="2025-11-17T23:25:26.867280" level="INFO">Typing text 'kalle' into text field 'username'.</msg>
<arg>username</arg>
<arg>${username}</arg>
<doc>Types the given ``text`` into the text field identified by ``locator``.</doc>
<status status="PASS" start="2025-11-17T23:25:26.867044" elapsed="0.584332"/>
</kw>
<arg>kalle</arg>
<status status="PASS" start="2025-11-17T23:25:26.866657" elapsed="0.584943"/>
</kw>
<kw name="Set Password">
<kw name="Input Password" owner="SeleniumLibrary">
<msg time="2025-11-17T23:25:27.452852" level="INFO">Typing password into text field 'password'.</msg>
<msg time="2025-11-17T23:25:27.712724" level="INFO">Temporally setting log level to: NONE</msg>
<arg>password</arg>
<arg>${password}</arg>
<doc>Types the given password into the text field identified by ``locator``.</doc>
<status status="PASS" start="2025-11-17T23:25:27.452646" elapsed="0.485977"/>
</kw>
<arg>kalle123</arg>
<status status="PASS" start="2025-11-17T23:25:27.452043" elapsed="0.486972"/>
</kw>
<kw name="Set Password_confirmation">
<kw name="Input Password" owner="SeleniumLibrary">
<msg time="2025-11-17T23:25:27.942035" level="INFO">Typing password into text field 'password_confirmation'.</msg>
<msg time="2025-11-17T23:25:28.279663" level="INFO">Temporally setting log level to: NONE</msg>
<arg>password_confirmation</arg>
<arg>${password}</arg>
<doc>Types the given password into the text field identified by ``locator``.</doc>
<status status="PASS" start="2025-11-17T23:25:27.941239" elapsed="0.597554"/>
</kw>
<arg>kalle123</arg>
<status status="PASS" start="2025-11-17T23:25:27.939922" elapsed="0.599029"/>
</kw>
<kw name="Click Button" owner="SeleniumLibrary">
<msg time="2025-11-17T23:25:28.539654" level="INFO">Clicking button 'Register'.</msg>
<arg>Register</arg>
<doc>Clicks the button identified by ``locator``.</doc>
<status status="PASS" start="2025-11-17T23:25:28.539306" elapsed="0.588145"/>
</kw>
<kw name="Register Should Succeed">
<kw name="Welcome Page Should Be Open" owner="resource">
<kw name="Title Should Be" owner="SeleniumLibrary">
<msg time="2025-11-17T23:25:29.239466" level="INFO">Page title is 'Welcome to Ohtu Application!'.</msg>
<arg>Welcome to Ohtu Application!</arg>
<doc>Verifies that the current page title equals ``title``.</doc>
<status status="PASS" start="2025-11-17T23:25:29.129073" elapsed="0.110722"/>
</kw>
<status status="PASS" start="2025-11-17T23:25:29.128862" elapsed="0.111353"/>
</kw>
<status status="PASS" start="2025-11-17T23:25:29.128202" elapsed="0.112269"/>
</kw>
<status status="PASS" start="2025-11-17T23:25:26.673107" elapsed="2.568266"/>
</test>
<test id="s1-s3-t2" name="Register With Too Short Username And Valid Password" line="16">
<kw name="Reset Application Create User And Go To Register Page" type="SETUP">
<kw name="Reset Application" owner="AppLibrary">
<status status="PASS" start="2025-11-17T23:25:29.245255" elapsed="0.009466"/>
</kw>
<kw name="Go To Register Page" owner="resource">
<kw name="Go To" owner="SeleniumLibrary">
<msg time="2025-11-17T23:25:29.257240" level="INFO">Opening url 'http://localhost:5001/register'</msg>
<arg>${REGISTER_URL}</arg>
<doc>Navigates the current browser window to the provided ``url``.</doc>
<status status="PASS" start="2025-11-17T23:25:29.256541" elapsed="0.150780"/>
</kw>
<status status="PASS" start="2025-11-17T23:25:29.255427" elapsed="0.152430"/>
</kw>
<status status="PASS" start="2025-11-17T23:25:29.244223" elapsed="0.163911"/>
</kw>
<kw name="Set Username">
<kw name="Input Text" owner="SeleniumLibrary">
<msg time="2025-11-17T23:25:29.411748" level="INFO">Typing text 'p' into text field 'username'.</msg>
<arg>username</arg>
<arg>${username}</arg>
<doc>Types the given ``text`` into the text field identified by ``locator``.</doc>
<status status="PASS" start="2025-11-17T23:25:29.410732" elapsed="0.492627"/>
</kw>
<arg>p</arg>
<status status="PASS" start="2025-11-17T23:25:29.409311" elapsed="0.494344"/>
</kw>
<kw name="Set Password">
<kw name="Input Password" owner="SeleniumLibrary">
<msg time="2025-11-17T23:25:29.905791" level="INFO">Typing password into text field 'password'.</msg>
<msg time="2025-11-17T23:25:30.205982" level="INFO">Temporally setting log level to: NONE</msg>
<arg>password</arg>
<arg>${password}</arg>
<doc>Types the given password into the text field identified by ``locator``.</doc>
<status status="PASS" start="2025-11-17T23:25:29.905274" elapsed="0.538571"/>
</kw>
<arg>something2</arg>
<status status="PASS" start="2025-11-17T23:25:29.904332" elapsed="0.539901"/>
</kw>
<kw name="Set Password_confirmation">
<kw name="Input Password" owner="SeleniumLibrary">
<msg time="2025-11-17T23:25:30.447156" level="INFO">Typing password into text field 'password_confirmation'.</msg>
<msg time="2025-11-17T23:25:30.730081" level="INFO">Temporally setting log level to: NONE</msg>
<arg>password_confirmation</arg>
<arg>${password}</arg>
<doc>Types the given password into the text field identified by ``locator``.</doc>
<status status="PASS" start="2025-11-17T23:25:30.446358" elapsed="0.502744"/>
</kw>
<arg>something2</arg>
<status status="PASS" start="2025-11-17T23:25:30.445196" elapsed="0.504280"/>
</kw>
<kw name="Click Button" owner="SeleniumLibrary">
<msg time="2025-11-17T23:25:30.950945" level="INFO">Clicking button 'Register'.</msg>
<arg>Register</arg>
<doc>Clicks the button identified by ``locator``.</doc>
<status status="PASS" start="2025-11-17T23:25:30.950280" elapsed="0.633377"/>
</kw>
<kw name="Register Should Fail With Message">
<kw name="Register Page Should Be Open" owner="resource">
<kw name="Title Should Be" owner="SeleniumLibrary">
<msg time="2025-11-17T23:25:31.697117" level="INFO">Page title is 'Register'.</msg>
<arg>Register</arg>
<doc>Verifies that the current page title equals ``title``.</doc>
<status status="PASS" start="2025-11-17T23:25:31.584940" elapsed="0.112432"/>
</kw>
<status status="PASS" start="2025-11-17T23:25:31.584697" elapsed="0.112791"/>
</kw>
<kw name="Page Should Contain" owner="SeleniumLibrary">
<msg time="2025-11-17T23:25:31.922075" level="INFO">Current page contains text 'Too short username'.</msg>
<arg>${message}</arg>
<doc>Verifies that current page contains ``text``.</doc>
<status status="PASS" start="2025-11-17T23:25:31.697667" elapsed="0.224750"/>
</kw>
<arg>Too short username</arg>
<status status="PASS" start="2025-11-17T23:25:31.584083" elapsed="0.338670"/>
</kw>
<status status="PASS" start="2025-11-17T23:25:29.242687" elapsed="2.680848"/>
</test>
<test id="s1-s3-t3" name="Register With Valid Username And Too Short Password" line="23">
<kw name="Reset Application Create User And Go To Register Page" type="SETUP">
<kw name="Reset Application" owner="AppLibrary">
<status status="PASS" start="2025-11-17T23:25:31.927617" elapsed="0.008887"/>
</kw>
<kw name="Go To Register Page" owner="resource">
<kw name="Go To" owner="SeleniumLibrary">
<msg time="2025-11-17T23:25:31.938792" level="INFO">Opening url 'http://localhost:5001/register'</msg>
<arg>${REGISTER_URL}</arg>
<doc>Navigates the current browser window to the provided ``url``.</doc>
<status status="PASS" start="2025-11-17T23:25:31.938268" elapsed="0.139963"/>
</kw>
<status status="PASS" start="2025-11-17T23:25:31.937274" elapsed="0.141138"/>
</kw>
<status status="PASS" start="2025-11-17T23:25:31.926659" elapsed="0.151829"/>
</kw>
<kw name="Set Username">
<kw name="Input Text" owner="SeleniumLibrary">
<msg time="2025-11-17T23:25:32.079494" level="INFO">Typing text 'poika' into text field 'username'.</msg>
<arg>username</arg>
<arg>${username}</arg>
<doc>Types the given ``text`` into the text field identified by ``locator``.</doc>
<status status="PASS" start="2025-11-17T23:25:32.079224" elapsed="0.478736"/>
</kw>
<arg>poika</arg>
<status status="PASS" start="2025-11-17T23:25:32.078815" elapsed="0.479759"/>
</kw>
<kw name="Set Password">
<kw name="Input Password" owner="SeleniumLibrary">
<msg time="2025-11-17T23:25:32.561567" level="INFO">Typing password into text field 'password'.</msg>
<msg time="2025-11-17T23:25:32.889713" level="INFO">Temporally setting log level to: NONE</msg>
<arg>password</arg>
<arg>${password}</arg>
<doc>Types the given password into the text field identified by ``locator``.</doc>
<status status="PASS" start="2025-11-17T23:25:32.560754" elapsed="0.561019"/>
</kw>
<arg>hi</arg>
<status status="PASS" start="2025-11-17T23:25:32.559519" elapsed="0.562720"/>
</kw>
<kw name="Set Password_confirmation">
<kw name="Input Password" owner="SeleniumLibrary">
<msg time="2025-11-17T23:25:33.125441" level="INFO">Typing password into text field 'password_confirmation'.</msg>
<msg time="2025-11-17T23:25:33.472895" level="INFO">Temporally setting log level to: NONE</msg>
<arg>password_confirmation</arg>
<arg>${password}</arg>
<doc>Types the given password into the text field identified by ``locator``.</doc>
<status status="PASS" start="2025-11-17T23:25:33.124460" elapsed="0.586573"/>
</kw>
<arg>hi</arg>
<status status="PASS" start="2025-11-17T23:25:33.123409" elapsed="0.588001"/>
</kw>
<kw name="Click Button" owner="SeleniumLibrary">
<msg time="2025-11-17T23:25:33.713126" level="INFO">Clicking button 'Register'.</msg>
<arg>Register</arg>
<doc>Clicks the button identified by ``locator``.</doc>
<status status="PASS" start="2025-11-17T23:25:33.712227" elapsed="0.608105"/>
</kw>
<kw name="Register Should Fail With Message">
<kw name="Register Page Should Be Open" owner="resource">
<kw name="Title Should Be" owner="SeleniumLibrary">
<msg time="2025-11-17T23:25:34.455062" level="INFO">Page title is 'Register'.</msg>
<arg>Register</arg>
<doc>Verifies that the current page title equals ``title``.</doc>
<status status="PASS" start="2025-11-17T23:25:34.330889" elapsed="0.124329"/>
</kw>
<status status="PASS" start="2025-11-17T23:25:34.327949" elapsed="0.127404"/>
</kw>
<kw name="Page Should Contain" owner="SeleniumLibrary">
<msg time="2025-11-17T23:25:34.679749" level="INFO">Current page contains text 'Too short password'.</msg>
<arg>${message}</arg>
<doc>Verifies that current page contains ``text``.</doc>
<status status="PASS" start="2025-11-17T23:25:34.455528" elapsed="0.224559"/>
</kw>
<arg>Too short password</arg>
<status status="PASS" start="2025-11-17T23:25:34.321526" elapsed="0.359171"/>
</kw>
<status status="PASS" start="2025-11-17T23:25:31.925140" elapsed="2.756362"/>
</test>
<test id="s1-s3-t4" name="Register With Valid Username And Invalid Password" line="30">
<kw name="Reset Application Create User And Go To Register Page" type="SETUP">
<kw name="Reset Application" owner="AppLibrary">
<status status="PASS" start="2025-11-17T23:25:34.685314" elapsed="0.009077"/>
</kw>
<kw name="Go To Register Page" owner="resource">
<kw name="Go To" owner="SeleniumLibrary">
<msg time="2025-11-17T23:25:34.697761" level="INFO">Opening url 'http://localhost:5001/register'</msg>
<arg>${REGISTER_URL}</arg>
<doc>Navigates the current browser window to the provided ``url``.</doc>
<status status="PASS" start="2025-11-17T23:25:34.696925" elapsed="0.152989"/>
</kw>
<status status="PASS" start="2025-11-17T23:25:34.695101" elapsed="0.155012"/>
</kw>
<status status="PASS" start="2025-11-17T23:25:34.684246" elapsed="0.165960"/>
</kw>
<kw name="Set Username">
<kw name="Input Text" owner="SeleniumLibrary">
<msg time="2025-11-17T23:25:34.851553" level="INFO">Typing text 'poika' into text field 'username'.</msg>
<arg>username</arg>
<arg>${username}</arg>
<doc>Types the given ``text`` into the text field identified by ``locator``.</doc>
<status status="PASS" start="2025-11-17T23:25:34.851252" elapsed="0.510329"/>
</kw>
<arg>poika</arg>
<status status="PASS" start="2025-11-17T23:25:34.850621" elapsed="0.511392"/>
</kw>
<kw name="Set Password">
<kw name="Input Password" owner="SeleniumLibrary">
<msg time="2025-11-17T23:25:35.365106" level="INFO">Typing password into text field 'password'.</msg>
<msg time="2025-11-17T23:25:35.679718" level="INFO">Temporally setting log level to: NONE</msg>
<arg>password</arg>
<arg>${password}</arg>
<doc>Types the given password into the text field identified by ``locator``.</doc>
<status status="PASS" start="2025-11-17T23:25:35.364175" elapsed="0.550644"/>
</kw>
<arg>minaolenpoika</arg>
<status status="PASS" start="2025-11-17T23:25:35.363001" elapsed="0.552350"/>
</kw>
<kw name="Set Password_confirmation">
<kw name="Input Password" owner="SeleniumLibrary">
<msg time="2025-11-17T23:25:35.918216" level="INFO">Typing password into text field 'password_confirmation'.</msg>
<msg time="2025-11-17T23:25:36.241679" level="INFO">Temporally setting log level to: NONE</msg>
<arg>password_confirmation</arg>
<arg>${password}</arg>
<doc>Types the given password into the text field identified by ``locator``.</doc>
<status status="PASS" start="2025-11-17T23:25:35.917418" elapsed="0.532263"/>
</kw>
<arg>minaolenpoika</arg>
<status status="PASS" start="2025-11-17T23:25:35.916159" elapsed="0.534008"/>
</kw>
<kw name="Click Button" owner="SeleniumLibrary">
<msg time="2025-11-17T23:25:36.451597" level="INFO">Clicking button 'Register'.</msg>
<arg>Register</arg>
<doc>Clicks the button identified by ``locator``.</doc>
<status status="PASS" start="2025-11-17T23:25:36.450988" elapsed="0.671355"/>
</kw>
<kw name="Register Should Fail With Message">
<kw name="Register Page Should Be Open" owner="resource">
<kw name="Title Should Be" owner="SeleniumLibrary">
<msg time="2025-11-17T23:25:37.253892" level="INFO">Page title is 'Register'.</msg>
<arg>Register</arg>
<doc>Verifies that the current page title equals ``title``.</doc>
<status status="PASS" start="2025-11-17T23:25:37.125770" elapsed="0.128461"/>
</kw>
<status status="PASS" start="2025-11-17T23:25:37.124854" elapsed="0.129804"/>
</kw>
<kw name="Page Should Contain" owner="SeleniumLibrary">
<msg time="2025-11-17T23:25:37.515908" level="INFO">Current page contains text 'Put number in password'.</msg>
<arg>${message}</arg>
<doc>Verifies that current page contains ``text``.</doc>
<status status="PASS" start="2025-11-17T23:25:37.255199" elapsed="0.261145"/>
</kw>
<arg>Put number in password</arg>
<status status="PASS" start="2025-11-17T23:25:37.123491" elapsed="0.393413"/>
</kw>
<status status="PASS" start="2025-11-17T23:25:34.682824" elapsed="2.834853"/>
</test>
<test id="s1-s3-t5" name="Register With Nonmatching Password And Password Confirmation" line="38">
<kw name="Reset Application Create User And Go To Register Page" type="SETUP">
<kw name="Reset Application" owner="AppLibrary">
<status status="PASS" start="2025-11-17T23:25:37.521533" elapsed="0.003292"/>
</kw>
<kw name="Go To Register Page" owner="resource">
<kw name="Go To" owner="SeleniumLibrary">
<msg time="2025-11-17T23:25:37.525610" level="INFO">Opening url 'http://localhost:5001/register'</msg>
<arg>${REGISTER_URL}</arg>
<doc>Navigates the current browser window to the provided ``url``.</doc>
<status status="PASS" start="2025-11-17T23:25:37.525471" elapsed="0.139818"/>
</kw>
<status status="PASS" start="2025-11-17T23:25:37.525161" elapsed="0.140273"/>
</kw>
<status status="PASS" start="2025-11-17T23:25:37.520947" elapsed="0.144552"/>
</kw>
<kw name="Set Username">
<kw name="Input Text" owner="SeleniumLibrary">
<msg time="2025-11-17T23:25:37.666299" level="INFO">Typing text 'poika' into text field 'username'.</msg>
<arg>username</arg>
<arg>${username}</arg>
<doc>Types the given ``text`` into the text field identified by ``locator``.</doc>
<status status="PASS" start="2025-11-17T23:25:37.666097" elapsed="0.518003"/>
</kw>
<arg>poika</arg>
<status status="PASS" start="2025-11-17T23:25:37.665773" elapsed="0.518744"/>
</kw>
<kw name="Set Password">
<kw name="Input Password" owner="SeleniumLibrary">
<msg time="2025-11-17T23:25:38.187625" level="INFO">Typing password into text field 'password'.</msg>
<msg time="2025-11-17T23:25:38.478585" level="INFO">Temporally setting log level to: NONE</msg>
<arg>password</arg>
<arg>${password}</arg>
<doc>Types the given password into the text field identified by ``locator``.</doc>
<status status="PASS" start="2025-11-17T23:25:38.186761" elapsed="0.508687"/>
</kw>
<arg>minaolenpoika2</arg>
<status status="PASS" start="2025-11-17T23:25:38.185614" elapsed="0.509965"/>
</kw>
<kw name="Set Password_confirmation">
<kw name="Input Password" owner="SeleniumLibrary">
<msg time="2025-11-17T23:25:38.696783" level="INFO">Typing password into text field 'password_confirmation'.</msg>
<msg time="2025-11-17T23:25:38.960276" level="INFO">Temporally setting log level to: NONE</msg>
<arg>password_confirmation</arg>
<arg>${password}</arg>
<doc>Types the given password into the text field identified by ``locator``.</doc>
<status status="PASS" start="2025-11-17T23:25:38.696429" elapsed="0.465248"/>
</kw>
<arg>minaolenpoika</arg>
<status status="PASS" start="2025-11-17T23:25:38.695971" elapsed="0.465899"/>
</kw>
<kw name="Click Button" owner="SeleniumLibrary">
<msg time="2025-11-17T23:25:39.162427" level="INFO">Clicking button 'Register'.</msg>
<arg>Register</arg>
<doc>Clicks the button identified by ``locator``.</doc>
<status status="PASS" start="2025-11-17T23:25:39.162194" elapsed="0.603711"/>
</kw>
<kw name="Register Should Fail With Message">
<kw name="Register Page Should Be Open" owner="resource">
<kw name="Title Should Be" owner="SeleniumLibrary">
<msg time="2025-11-17T23:25:39.877862" level="INFO">Page title is 'Register'.</msg>
<arg>Register</arg>
<doc>Verifies that the current page title equals ``title``.</doc>
<status status="PASS" start="2025-11-17T23:25:39.767091" elapsed="0.110930"/>
</kw>
<status status="PASS" start="2025-11-17T23:25:39.766781" elapsed="0.111370"/>
</kw>
<kw name="Page Should Contain" owner="SeleniumLibrary">
<msg time="2025-11-17T23:25:40.145465" level="INFO">Current page contains text 'unmatching passwords'.</msg>
<arg>${message}</arg>
<doc>Verifies that current page contains ``text``.</doc>
<status status="PASS" start="2025-11-17T23:25:39.878322" elapsed="0.267490"/>
</kw>
<arg>unmatching passwords</arg>
<status status="PASS" start="2025-11-17T23:25:39.766346" elapsed="0.379823"/>
</kw>
<status status="PASS" start="2025-11-17T23:25:37.519150" elapsed="2.627918"/>
</test>
<test id="s1-s3-t6" name="Register With Username That Is Already In Use" line="45">
<kw name="Reset Application Create User And Go To Register Page" type="SETUP">
<kw name="Reset Application" owner="AppLibrary">
<status status="PASS" start="2025-11-17T23:25:40.151537" elapsed="0.008717"/>
</kw>
<kw name="Go To Register Page" owner="resource">
<kw name="Go To" owner="SeleniumLibrary">
<msg time="2025-11-17T23:25:40.162600" level="INFO">Opening url 'http://localhost:5001/register'</msg>
<arg>${REGISTER_URL}</arg>
<doc>Navigates the current browser window to the provided ``url``.</doc>
<status status="PASS" start="2025-11-17T23:25:40.161985" elapsed="0.154931"/>
</kw>
<status status="PASS" start="2025-11-17T23:25:40.160983" elapsed="0.156102"/>
</kw>
<status status="PASS" start="2025-11-17T23:25:40.150510" elapsed="0.166666"/>
</kw>
<kw name="Set Username">
<kw name="Input Text" owner="SeleniumLibrary">
<msg time="2025-11-17T23:25:40.318376" level="INFO">Typing text 'kalle' into text field 'username'.</msg>
<arg>username</arg>
<arg>${username}</arg>
<doc>Types the given ``text`` into the text field identified by ``locator``.</doc>
<status status="PASS" start="2025-11-17T23:25:40.318100" elapsed="0.544198"/>
</kw>
<arg>kalle</arg>
<status status="PASS" start="2025-11-17T23:25:40.317596" elapsed="0.544868"/>
</kw>
<kw name="Set Password">
<kw name="Input Password" owner="SeleniumLibrary">
<msg time="2025-11-17T23:25:40.863591" level="INFO">Typing password into text field 'password'.</msg>
<msg time="2025-11-17T23:25:41.169286" level="INFO">Temporally setting log level to: NONE</msg>
<arg>password</arg>
<arg>${password}</arg>
<doc>Types the given password into the text field identified by ``locator``.</doc>
<status status="PASS" start="2025-11-17T23:25:40.863339" elapsed="0.524886"/>
</kw>
<arg>kalle123</arg>
<status status="PASS" start="2025-11-17T23:25:40.862846" elapsed="0.525946"/>
</kw>
<kw name="Set Password_confirmation">
<kw name="Input Password" owner="SeleniumLibrary">
<msg time="2025-11-17T23:25:41.391523" level="INFO">Typing password into text field 'password_confirmation'.</msg>
<msg time="2025-11-17T23:25:41.717081" level="INFO">Temporally setting log level to: NONE</msg>
<arg>password_confirmation</arg>
<arg>${password}</arg>
<doc>Types the given password into the text field identified by ``locator``.</doc>
<status status="PASS" start="2025-11-17T23:25:41.390750" elapsed="0.534709"/>
</kw>
<arg>kalle123</arg>
<status status="PASS" start="2025-11-17T23:25:41.389696" elapsed="0.536220"/>
</kw>
<kw name="Click Button" owner="SeleniumLibrary">
<msg time="2025-11-17T23:25:41.927344" level="INFO">Clicking button 'Register'.</msg>
<arg>Register</arg>
<doc>Clicks the button identified by ``locator``.</doc>
<status status="PASS" start="2025-11-17T23:25:41.926672" elapsed="0.616511"/>
</kw>
<kw name="Register Should Succeed">
<kw name="Welcome Page Should Be Open" owner="resource">
<kw name="Title Should Be" owner="SeleniumLibrary">
<msg time="2025-11-17T23:25:42.652972" level="INFO">Page title is 'Welcome to Ohtu Application!'.</msg>
<arg>Welcome to Ohtu Application!</arg>
<doc>Verifies that the current page title equals ``title``.</doc>
<status status="PASS" start="2025-11-17T23:25:42.544253" elapsed="0.108872"/>
</kw>
<status status="PASS" start="2025-11-17T23:25:42.544001" elapsed="0.109252"/>
</kw>
<status status="PASS" start="2025-11-17T23:25:42.543619" elapsed="0.109703"/>
</kw>
<kw name="Go To Register Page" owner="resource">
<kw name="Go To" owner="SeleniumLibrary">
<msg time="2025-11-17T23:25:42.654142" level="INFO">Opening url 'http://localhost:5001/register'</msg>
<arg>${REGISTER_URL}</arg>
<doc>Navigates the current browser window to the provided ``url``.</doc>
<status status="PASS" start="2025-11-17T23:25:42.653927" elapsed="0.144995"/>
</kw>
<status status="PASS" start="2025-11-17T23:25:42.653627" elapsed="0.145606"/>
</kw>
<kw name="Set Username">
<kw name="Input Text" owner="SeleniumLibrary">
<msg time="2025-11-17T23:25:42.800325" level="INFO">Typing text 'kalle' into text field 'username'.</msg>
<arg>username</arg>
<arg>${username}</arg>
<doc>Types the given ``text`` into the text field identified by ``locator``.</doc>
<status status="PASS" start="2025-11-17T23:25:42.800019" elapsed="0.431089"/>
</kw>
<arg>kalle</arg>
<status status="PASS" start="2025-11-17T23:25:42.799657" elapsed="0.431599"/>
</kw>
<kw name="Set Password">
<kw name="Input Password" owner="SeleniumLibrary">
<msg time="2025-11-17T23:25:43.232112" level="INFO">Typing password into text field 'password'.</msg>
<msg time="2025-11-17T23:25:43.486235" level="INFO">Temporally setting log level to: NONE</msg>
<arg>password</arg>
<arg>${password}</arg>
<doc>Types the given password into the text field identified by ``locator``.</doc>
<status status="PASS" start="2025-11-17T23:25:43.231907" elapsed="0.433415"/>
</kw>
<arg>kalle1234</arg>
<status status="PASS" start="2025-11-17T23:25:43.231598" elapsed="0.433991"/>
</kw>
<kw name="Set Password_confirmation">
<kw name="Input Password" owner="SeleniumLibrary">
<msg time="2025-11-17T23:25:43.667703" level="INFO">Typing password into text field 'password_confirmation'.</msg>
<msg time="2025-11-17T23:25:43.985262" level="INFO">Temporally setting log level to: NONE</msg>
<arg>password_confirmation</arg>
<arg>${password}</arg>
<doc>Types the given password into the text field identified by ``locator``.</doc>
<status status="PASS" start="2025-11-17T23:25:43.667065" elapsed="0.509823"/>
</kw>
<arg>kalle1234</arg>
<status status="PASS" start="2025-11-17T23:25:43.666427" elapsed="0.510870"/>
</kw>
<kw name="Click Button" owner="SeleniumLibrary">
<msg time="2025-11-17T23:25:44.179467" level="INFO">Clicking button 'Register'.</msg>
<arg>Register</arg>
<doc>Clicks the button identified by ``locator``.</doc>
<status status="PASS" start="2025-11-17T23:25:44.178571" elapsed="0.683607"/>
</kw>
<kw name="Register Should Fail With Message">
<kw name="Register Page Should Be Open" owner="resource">
<kw name="Title Should Be" owner="SeleniumLibrary">
<msg time="2025-11-17T23:25:44.995297" level="INFO">Page title is 'Register'.</msg>
<arg>Register</arg>
<doc>Verifies that the current page title equals ``title``.</doc>
<status status="PASS" start="2025-11-17T23:25:44.865551" elapsed="0.130102"/>
</kw>
<status status="PASS" start="2025-11-17T23:25:44.864400" elapsed="0.131699"/>
</kw>
<kw name="Page Should Contain" owner="SeleniumLibrary">
<msg time="2025-11-17T23:25:45.247296" level="INFO">Current page contains text 'User with username kalle already exists'.</msg>
<arg>${message}</arg>
<doc>Verifies that current page contains ``text``.</doc>
<status status="PASS" start="2025-11-17T23:25:44.997003" elapsed="0.250659"/>
</kw>
<arg>User with username kalle already exists</arg>
<status status="PASS" start="2025-11-17T23:25:44.863230" elapsed="0.385206"/>
</kw>
<status status="PASS" start="2025-11-17T23:25:40.148860" elapsed="5.100483"/>
</test>
<kw name="Close Browser" owner="SeleniumLibrary" type="TEARDOWN">
<doc>Closes the current browser.</doc>
<status status="PASS" start="2025-11-17T23:25:45.251514" elapsed="0.192618"/>
</kw>
<status status="PASS" start="2025-11-17T23:25:25.871037" elapsed="19.573332"/>
</suite>
<status status="PASS" start="2025-11-17T23:25:16.118778" elapsed="29.328567"/>
</suite>
<statistics>
<total>
<stat pass="11" fail="0" skip="0">All Tests</stat>
</total>
<tag>
</tag>
<suite>
<stat name="Tests" id="s1" pass="11" fail="0" skip="0">Tests</stat>
<stat name="Home" id="s1-s1" pass="2" fail="0" skip="0">Tests.Home</stat>
<stat name="Login" id="s1-s2" pass="3" fail="0" skip="0">Tests.Login</stat>
<stat name="Register" id="s1-s3" pass="6" fail="0" skip="0">Tests.Register</stat>
</suite>
</statistics>
<errors>
</errors>
</robot>
