<?xml version="1.0" encoding="UTF-8"?>
<robot generator="Robot 7.3.2 (Python 3.12.3 on linux)" generated="2025-11-17T18:26:50.591490" rpa="false" schemaversion="5">
<suite id="s1" name="Tests" source="/home/vebanter/palautusrepositorio/week3/hello-robot/src/tests">
<suite id="s1-s1" name="Increase Counter" source="/home/vebanter/palautusrepositorio/week3/hello-robot/src/tests/increase_counter.robot">
<test id="s1-s1-t1" name="Increase Counter Once" line="5">
<kw name="Counter Value Should Be" owner="CounterLibrary">
<arg>0</arg>
<status status="PASS" start="2025-11-17T18:26:50.625052" elapsed="0.000187"/>
</kw>
<kw name="Increase Counter" owner="CounterLibrary">
<status status="PASS" start="2025-11-17T18:26:50.625537" elapsed="0.000171"/>
</kw>
<kw name="Counter Value Should Be" owner="CounterLibrary">
<arg>1</arg>
<status status="PASS" start="2025-11-17T18:26:50.625937" elapsed="0.000179"/>
</kw>
<status status="PASS" start="2025-11-17T18:26:50.623718" elapsed="0.002643"/>
</test>
<test id="s1-s1-t2" name="Increase Counter Many Times" line="10">
<kw name="Counter Value Should Be" owner="CounterLibrary">
<arg>0</arg>
<status status="PASS" start="2025-11-17T18:26:50.628509" elapsed="0.000274"/>
</kw>
<kw name="Increase Counter" owner="CounterLibrary">
<status status="PASS" start="2025-11-17T18:26:50.629084" elapsed="0.000179"/>
</kw>
<kw name="Increase Counter" owner="CounterLibrary">
<status status="PASS" start="2025-11-17T18:26:50.629521" elapsed="0.000131"/>
</kw>
<kw name="Increase Counter" owner="CounterLibrary">
<status status="PASS" start="2025-11-17T18:26:50.629863" elapsed="0.000128"/>
</kw>
<kw name="Counter Value Should Be" owner="CounterLibrary">
<arg>3</arg>
<status status="PASS" start="2025-11-17T18:26:50.630263" elapsed="0.000198"/>
</kw>
<status status="PASS" start="2025-11-17T18:26:50.627709" elapsed="0.003047"/>
</test>
<test id="s1-s1-t3" name="Increment Counter By Amount" line="17">
<kw name="Counter Value Should Be" owner="CounterLibrary">
<arg>0</arg>
<status status="PASS" start="2025-11-17T18:26:50.632036" elapsed="0.000181"/>
</kw>
<kw name="Increment Counter By" owner="CounterLibrary">
<arg>5</arg>
<status status="PASS" start="2025-11-17T18:26:50.632472" elapsed="0.000193"/>
</kw>
<kw name="Counter Value Should Be" owner="CounterLibrary">
<arg>5</arg>
<status status="PASS" start="2025-11-17T18:26:50.633091" elapsed="0.000233"/>
</kw>
<status status="PASS" start="2025-11-17T18:26:50.631518" elapsed="0.002068"/>
</test>
<test id="s1-s1-t4" name="Reset Counter After One Increment" line="22">
<kw name="Counter Value Should Be" owner="CounterLibrary">
<arg>0</arg>
<status status="PASS" start="2025-11-17T18:26:50.634542" elapsed="0.000153"/>
</kw>
<kw name="Increase Counter" owner="CounterLibrary">
<status status="PASS" start="2025-11-17T18:26:50.634903" elapsed="0.000099"/>
</kw>
<kw name="Counter Value Should Be" owner="CounterLibrary">
<arg>1</arg>
<status status="PASS" start="2025-11-17T18:26:50.635167" elapsed="0.000170"/>
</kw>
<kw name="Reset Counter" owner="CounterLibrary">
<status status="PASS" start="2025-11-17T18:26:50.635511" elapsed="0.000097"/>
</kw>
<kw name="Counter Value Should Be" owner="CounterLibrary">
<arg>0</arg>
<status status="PASS" start="2025-11-17T18:26:50.635837" elapsed="0.000224"/>
</kw>
<status status="PASS" start="2025-11-17T18:26:50.634124" elapsed="0.002215"/>
</test>
<test id="s1-s1-t5" name="Reset Counter After Several Increments" line="29">
<kw name="Counter Value Should Be" owner="CounterLibrary">
<arg>0</arg>
<status status="PASS" start="2025-11-17T18:26:50.637244" elapsed="0.000188"/>
</kw>
<kw name="Increment Counter By" owner="CounterLibrary">
<arg>5</arg>
<status status="PASS" start="2025-11-17T18:26:50.637633" elapsed="0.000129"/>
</kw>
<kw name="Counter Value Should Be" owner="CounterLibrary">
<arg>5</arg>
<status status="PASS" start="2025-11-17T18:26:50.637980" elapsed="0.000120"/>
</kw>
<kw name="Reset Counter" owner="CounterLibrary">
<status status="PASS" start="2025-11-17T18:26:50.638360" elapsed="0.000118"/>
</kw>
<kw name="Counter Value Should Be" owner="CounterLibrary">
<arg>0</arg>
<status status="PASS" start="2025-11-17T18:26:50.638707" elapsed="0.000180"/>
</kw>
<status status="PASS" start="2025-11-17T18:26:50.636817" elapsed="0.002339"/>
</test>
<status status="PASS" start="2025-11-17T18:26:50.618634" elapsed="0.021187"/>
</suite>
<status status="PASS" start="2025-11-17T18:26:50.592536" elapsed="0.047978"/>
</suite>
<statistics>
<total>
<stat pass="5" fail="0" skip="0">All Tests</stat>
</total>
<tag>
</tag>
<suite>
<stat name="Tests" id="s1" pass="5" fail="0" skip="0">Tests</stat>
<stat name="Increase Counter" id="s1-s1" pass="5" fail="0" skip="0">Tests.Increase Counter</stat>
</suite>
</statistics>
<errors>
</errors>
</robot>
